<?xml version="1.0" encoding="UTF-8"?>
<testng-results ignored="0" total="2" passed="2" failed="0" skipped="0">
  <reporter-output>
  </reporter-output>
  <suite started-at="2025-05-04T17:38:56Z" name="Suite" finished-at="2025-05-04T17:39:04Z" duration-ms="8047">
    <groups>
    </groups>
    <test started-at="2025-05-04T17:38:56Z" name="Test" finished-at="2025-05-04T17:39:04Z" duration-ms="8047">
      <class name="testing.revisit.facebook">
        <test-method signature="tearDown()[pri:0, instance:testing.revisit.facebook@73d983ea]" started-at="2025-05-04T21:38:57Z" name="tearDown" finished-at="2025-05-04T21:38:57Z" duration-ms="14" status="PASS">
          <reporter-output>
          </reporter-output>
        </test-method> <!-- tearDown -->
        <test-method signature="testtours()[pri:0, instance:testing.revisit.facebook@73d983ea]" started-at="2025-05-04T21:38:57Z" name="testtours" finished-at="2025-05-04T21:39:04Z" duration-ms="7790" status="PASS">
          <reporter-output>
          </reporter-output>
        </test-method> <!-- testtours -->
      </class> <!-- testing.revisit.facebook -->
    </test> <!-- Test -->
  </suite> <!-- Suite -->
</testng-results>
