<?xml version="1.0" encoding="UTF-8"?>
<testng-results ignored="0" total="2" passed="2" failed="0" skipped="0">
  <reporter-output>
  </reporter-output>
  <suite started-at="2025-04-22T22:01:54Z" name="Suite" finished-at="2025-04-22T22:01:57Z" duration-ms="3245">
    <groups>
    </groups>
    <test started-at="2025-04-22T22:01:54Z" name="Test" finished-at="2025-04-22T22:01:57Z" duration-ms="3245">
      <class name="testing.revisit.facebook">
        <test-method signature="tearDown()[pri:0, instance:testing.revisit.facebook@73d983ea]" started-at="2025-04-23T02:01:54Z" name="tearDown" finished-at="2025-04-23T02:01:54Z" duration-ms="13" status="PASS">
          <reporter-output>
          </reporter-output>
        </test-method> <!-- tearDown -->
        <test-method signature="testtours()[pri:0, instance:testing.revisit.facebook@73d983ea]" started-at="2025-04-23T02:01:54Z" name="testtours" finished-at="2025-04-23T02:01:57Z" duration-ms="3084" status="PASS">
          <reporter-output>
          </reporter-output>
        </test-method> <!-- testtours -->
      </class> <!-- testing.revisit.facebook -->
    </test> <!-- Test -->
  </suite> <!-- Suite -->
</testng-results>
